warning: ignoring unsupported tag `OUTPUT_TEXT_DIRECTION  =' at line 102, file /home/travis/build/So-Lok/2019_Group_38/Doxyfile
warning: ignoring unsupported tag `JAVADOC_BANNER         =' at line 208, file /home/travis/build/So-Lok/2019_Group_38/Doxyfile
warning: ignoring unsupported tag `OPTIMIZE_OUTPUT_SLICE  =' at line 306, file /home/travis/build/So-Lok/2019_Group_38/Doxyfile
warning: ignoring unsupported tag `TOC_INCLUDE_HEADINGS   =' at line 345, file /home/travis/build/So-Lok/2019_Group_38/Doxyfile
warning: ignoring unsupported tag `EXTRACT_PRIV_VIRTUAL   =' at line 482, file /home/travis/build/So-Lok/2019_Group_38/Doxyfile
warning: ignoring unsupported tag `CLANG_DATABASE_PATH    =' at line 1144, file /home/travis/build/So-Lok/2019_Group_38/Doxyfile
warning: ignoring unsupported tag `HTML_DYNAMIC_MENUS     =' at line 1309, file /home/travis/build/So-Lok/2019_Group_38/Doxyfile
warning: ignoring unsupported tag `FORMULA_MACROFILE      =' at line 1596, file /home/travis/build/So-Lok/2019_Group_38/Doxyfile
warning: ignoring unsupported tag `LATEX_MAKEINDEX_CMD    =' at line 1780, file /home/travis/build/So-Lok/2019_Group_38/Doxyfile
warning: ignoring unsupported tag `LATEX_EMOJI_DIRECTORY  =' at line 1922, file /home/travis/build/So-Lok/2019_Group_38/Doxyfile
warning: ignoring unsupported tag `XML_NS_MEMB_FILE_SCOPE =' at line 2066, file /home/travis/build/So-Lok/2019_Group_38/Doxyfile
warning: ignoring unsupported tag `PLANTUML_CFG_FILE      =' at line 2512, file /home/travis/build/So-Lok/2019_Group_38/Doxyfile
/home/travis/build/So-Lok/2019_Group_38/modelViewer/modelReader/inc/vectorClass.h:10: warning: Compound vectorClass is not documented.
Searching for include files...
Searching for example files...
Searching for images...
Searching for dot files...
Searching for msc files...
Searching for dia files...
Searching for files to exclude
Searching INPUT for files to process...
Searching for files in directory /home/travis/build/So-Lok/2019_Group_38/modelViewer
Searching for files in directory /home/travis/build/So-Lok/2019_Group_38/modelViewer/modelReader/src
Searching for files in directory /home/travis/build/So-Lok/2019_Group_38/modelViewer/modelReader/inc
Reading and parsing tag files
Parsing files
Preprocessing /home/travis/build/So-Lok/2019_Group_38/modelViewer/CMakeLists.txt...
Parsing file /home/travis/build/So-Lok/2019_Group_38/modelViewer/CMakeLists.txt...
Preprocessing /home/travis/build/So-Lok/2019_Group_38/modelViewer/main.cpp...
Parsing file /home/travis/build/So-Lok/2019_Group_38/modelViewer/main.cpp...
Preprocessing /home/travis/build/So-Lok/2019_Group_38/modelViewer/mainwindow.cpp...
Parsing file /home/travis/build/So-Lok/2019_Group_38/modelViewer/mainwindow.cpp...
Preprocessing /home/travis/build/So-Lok/2019_Group_38/modelViewer/mainwindow.h...
Parsing file /home/travis/build/So-Lok/2019_Group_38/modelViewer/mainwindow.h...
Preprocessing /home/travis/build/So-Lok/2019_Group_38/modelViewer/optionsfilter.cpp...
Parsing file /home/travis/build/So-Lok/2019_Group_38/modelViewer/optionsfilter.cpp...
Preprocessing /home/travis/build/So-Lok/2019_Group_38/modelViewer/optionsfilter.h...
Parsing file /home/travis/build/So-Lok/2019_Group_38/modelViewer/optionsfilter.h...
Preprocessing /home/travis/build/So-Lok/2019_Group_38/modelViewer/modelReader/src/cell.cpp...
Parsing file /home/travis/build/So-Lok/2019_Group_38/modelViewer/modelReader/src/cell.cpp...
Preprocessing /home/travis/build/So-Lok/2019_Group_38/modelViewer/modelReader/src/material.cpp...
Parsing file /home/travis/build/So-Lok/2019_Group_38/modelViewer/modelReader/src/material.cpp...
Preprocessing /home/travis/build/So-Lok/2019_Group_38/modelViewer/modelReader/src/model.cpp...
Parsing file /home/travis/build/So-Lok/2019_Group_38/modelViewer/modelReader/src/model.cpp...
Preprocessing /home/travis/build/So-Lok/2019_Group_38/modelViewer/modelReader/src/vectorClass.cpp...
Parsing file /home/travis/build/So-Lok/2019_Group_38/modelViewer/modelReader/src/vectorClass.cpp...
Preprocessing /home/travis/build/So-Lok/2019_Group_38/modelViewer/modelReader/inc/cell.h...
Parsing file /home/travis/build/So-Lok/2019_Group_38/modelViewer/modelReader/inc/cell.h...
Preprocessing /home/travis/build/So-Lok/2019_Group_38/modelViewer/modelReader/inc/material.h...
Parsing file /home/travis/build/So-Lok/2019_Group_38/modelViewer/modelReader/inc/material.h...
Preprocessing /home/travis/build/So-Lok/2019_Group_38/modelViewer/modelReader/inc/model.h...
Parsing file /home/travis/build/So-Lok/2019_Group_38/modelViewer/modelReader/inc/model.h...
Preprocessing /home/travis/build/So-Lok/2019_Group_38/modelViewer/modelReader/inc/vectorClass.h...
Parsing file /home/travis/build/So-Lok/2019_Group_38/modelViewer/modelReader/inc/vectorClass.h...
Building group list...
Building directory list...
Building namespace list...
Building file list...
Building class list...
Associating documentation with classes...
Computing nesting relations for classes...
Building example list...
Searching for enumerations...
Searching for documented typedefs...
Searching for members imported via using declarations...
Searching for included using directives...
Searching for documented variables...
Building interface member list...
Building member list...
Searching for friends...
Searching for documented defines...
Computing class inheritance relations...
Computing class usage relations...
Flushing cached template relations that have become invalid...
Creating members for template instances...
Computing class relations...
Add enum values to enums...
Searching for member function documentation...
Building page list...
Search for main page...
Computing page relations...
Determining the scope of groups...
Sorting lists...
Freeing entry tree
Determining which /home/travis/build/So-Lok/2019_Group_38/modelViewer/mainwindow.h:66: warning: Member MainWindow(QWidget *parent=0) (function) of class MainWindow is not documented.
/home/travis/build/So-Lok/2019_Group_38/modelViewer/mainwindow.h:204: warning: Member ui (variable) of class MainWindow is not documented.
/home/travis/build/So-Lok/2019_Group_38/modelViewer/mainwindow.h:208: warning: Member filterApplied (variable) of class MainWindow is not documented.
/home/travis/build/So-Lok/2019_Group_38/modelViewer/mainwindow.h:225: warning: Member renderer (variable) of class MainWindow is not documented.
/home/travis/build/So-Lok/2019_Group_38/modelViewer/mainwindow.h:226: warning: Member renderWindow (variable) of class MainWindow is not documented.
/home/travis/build/So-Lok/2019_Group_38/modelViewer/mainwindow.h:228: warning: Member mapper (variable) of class MainWindow is not documented.
/home/travis/build/So-Lok/2019_Group_38/modelViewer/mainwindow.h:229: warning: Member actor (variable) of class MainWindow is not documented.
/home/travis/build/So-Lok/2019_Group_38/modelViewer/mainwindow.h:230: warning: Member source (variable) of class MainWindow is not documented.
/home/travis/build/So-Lok/2019_Group_38/modelViewer/mainwindow.h:232: warning: Member camera (variable) of class MainWindow is not documented.
/home/travis/build/So-Lok/2019_Group_38/modelViewer/mainwindow.h:234: warning: Member boxWidget (variable) of class MainWindow is not documented.
/home/travis/build/So-Lok/2019_Group_38/modelViewer/mainwindow.h:235: warning: Member interactor (variable) of class MainWindow is not documented.
/home/travis/build/So-Lok/2019_Group_38/modelViewer/mainwindow.h:237: warning: Member colors (variable) of class MainWindow is not documented.
/home/travis/build/So-Lok/2019_Group_38/modelViewer/mainwindow.h:238: warning: Member light (variable) of class MainWindow is not documented.
/home/travis/build/So-Lok/2019_Group_38/modelViewer/mainwindow.h:240: warning: Member distanceWidget (variable) of class MainWindow is not documented.
/home/travis/build/So-Lok/2019_Group_38/modelViewer/mainwindow.h:242: warning: Member axes (variable) of class MainWindow is not documented.
/home/travis/build/So-Lok/2019_Group_38/modelViewer/mainwindow.h:243: warning: Member orientationWidget (variable) of class MainWindow is not documented.
/home/travis/build/So-Lok/2019_Group_38/modelViewer/optionsfilter.h:24: warning: Member optionsFilter(QWidget *parent=nullptr) (function) of class optionsFilter is not documented.
/home/travis/build/So-Lok/2019_Group_38/modelViewer/optionsfilter.h:94: warning: Member ui (variable) of class optionsFilter is not documented.
/home/travis/build/So-Lok/2019_Group_38/modelViewer/mainwindow.h:256: warning: Member New() (function) of class vtkMyCallback is not documented.
enums are documented
Computing member relations...
Building full member lists recursively...
Adding members to member groups.
Computing member references...
Inheriting documentation...
Generating disk names...
Adding source references...
Adding xrefitems...
Sorting member lists...
Computing dependencies between directories...
Generating citations page...
Counting data structures...
Resolving user defined references...
Finding anchors and sections in the documentation...
Transferring function references...
Combining using relations...
Adding members to index pages...
Generating style sheet...
Generating search indices...
Generating example documentation...
Generating file sources...
Generating code for file /home/travis/build/So-Lok/2019_Group_38/modelViewer/mainwindow.h...
Generating code for file /home/travis/build/So-Lok/2019_Group_38/modelViewer/modelReader/inc/cell.h...
Generating code for file /home/travis/build/So-Lok/2019_Group_38/modelViewer/modelReader/inc/material.h...
Generating code for file /home/travis/build/So-Lok/2019_Group_38/modelViewer/modelReader/inc/model.h...
Generating code for file /home/travis/build/So-Lok/2019_Group_38/modelViewer/modelReader/inc/vectorClass.h...
Generating code for file /home/travis/build/So-Lok/2019_Group_38/modelViewer/optionsfilter.h...
Generating file documentation...
Generating docs for file /home/travis/build/So-Lok/2019_Group_38/modelViewer/mainwindow.cpp...
Generating docs for file /home/travis/build/So-Lok/2019_Group_38/modelViewer/mainwindow.h...
Generating docs for file /home/travis/build/So-Lok/2019_Group_38/modelViewer/modelReader/inc/cell.h...
Generating docs for file /home/travis/build/So-Lok/2019_Group_38/modelViewer/modelReader/inc/material.h...
Generating docs for file /home/travis/build/So-Lok/2019_Group_38/modelViewer/modelReader/inc/model.h...
Generating docs for file /home/travis/build/So-Lok/2019_Group_38/modelViewer/modelReader/inc/vectorClass.h...
Generating docs for file /home/travis/build/So-Lok/2019_Group_38/modelViewer/modelReader/src/cell.cpp...
Generating docs for file /home/travis/build/So-Lok/2019_Group_38/modelViewer/modelReader/src/model.cpp...
Generating docs for file /home/travis/build/So-Lok/2019_Group_38/modelViewer/modelReader/src/vectorClass.cpp...
Generating docs for file /home/travis/build/So-Lok/2019_Group_38/modelViewer/optionsfilter.cpp...
Generating docs for file /home/travis/build/So-Lok/2019_Group_38/modelViewer/optionsfilter.h...
Generating page documentation...
Generating group documentation...
Generating class documentation...
Generating docs for compound cell...
Generating docs for compound MainWindow...
Generating docs for compound material...
Generating docs for compound model...
Generating docs for compound optionsFilter...
Generating docs for compound vectorClass...
Generating docs for compound vtkMyCallback...
Generating namespace index...
Generating docs for namespace Ui
Generating graph info page...
Generating directory documentation...
Generating index page...
Generating page index...
Generating module index...
Generating namespace index...
Generating namespace member index...
Generating annotated compound index...
Generating alphabetical compound index...
Generating hierarchical class index...
Generating member index...
Generating file index...
Generating file member index...
Generating example index...
finalizing index lists...
writing tag file...
lookup cache used 236/65536 hits=1053 misses=242
finished...
